<?xml version="1.0" encoding="UTF-8"?>
<!-- Generated by org.testng.reporters.JUnitReportReporter -->
<testsuite hostname="DESKTOP-P1434LQ" failures="0" tests="1" name="TestCases.HomePageTest" time="9.501" errors="0" timestamp="2024-10-06T03:10:32 GMT-11:00" skipped="0">
  <testcase classname="TestCases.HomePageTest" name="TC03_SomeName" time="9.501"/>
  <system-out/>
</testsuite> <!-- TestCases.HomePageTest -->
